{"/Users/sebastiansandqvist/Documents/Sites & Projects/apps/~modules/co-fee-calculator/index.js":{"path":"/Users/sebastiansandqvist/Documents/Sites & Projects/apps/~modules/co-fee-calculator/index.js","s":{"1":1,"2":1,"3":5014,"4":1010,"5":2001,"6":3998,"7":996,"8":1001,"9":2002,"10":1001},"b":{},"f":{"1":5014,"2":1010,"3":2001,"4":3998,"5":996,"6":1001,"7":2002,"8":1001},"fnMap":{"1":{"name":"(anonymous_1)","line":16,"loc":{"start":{"line":16,"column":11},"end":{"line":16,"column":26}}},"2":{"name":"(anonymous_2)","line":25,"loc":{"start":{"line":25,"column":17},"end":{"line":25,"column":32}}},"3":{"name":"(anonymous_3)","line":34,"loc":{"start":{"line":34,"column":10},"end":{"line":34,"column":23}}},"4":{"name":"(anonymous_4)","line":43,"loc":{"start":{"line":43,"column":10},"end":{"line":43,"column":23}}},"5":{"name":"(anonymous_5)","line":53,"loc":{"start":{"line":53,"column":12},"end":{"line":53,"column":27}}},"6":{"name":"(anonymous_6)","line":62,"loc":{"start":{"line":62,"column":17},"end":{"line":62,"column":32}}},"7":{"name":"(anonymous_7)","line":72,"loc":{"start":{"line":72,"column":16},"end":{"line":72,"column":31}}},"8":{"name":"(anonymous_8)","line":81,"loc":{"start":{"line":81,"column":15},"end":{"line":81,"column":30}}}},"statementMap":{"1":{"start":{"line":3,"column":0},"end":{"line":3,"column":34}},"2":{"start":{"line":9,"column":0},"end":{"line":85,"column":2}},"3":{"start":{"line":17,"column":2},"end":{"line":17,"column":66}},"4":{"start":{"line":26,"column":2},"end":{"line":26,"column":87}},"5":{"start":{"line":35,"column":2},"end":{"line":35,"column":43}},"6":{"start":{"line":44,"column":2},"end":{"line":44,"column":43}},"7":{"start":{"line":54,"column":2},"end":{"line":54,"column":53}},"8":{"start":{"line":63,"column":2},"end":{"line":63,"column":86}},"9":{"start":{"line":73,"column":2},"end":{"line":73,"column":54}},"10":{"start":{"line":82,"column":2},"end":{"line":82,"column":82}}},"branchMap":{}}}