{"/Users/sebastiansandqvist/Documents/Sites & Projects/apps/~modules/co-fee-calculator/index.js":{"path":"/Users/sebastiansandqvist/Documents/Sites & Projects/apps/~modules/co-fee-calculator/index.js","s":{"1":1,"2":1,"3":6144,"4":1010,"5":2001,"6":5128,"7":996,"8":1130,"9":1001,"10":2002,"11":1001},"b":{},"f":{"1":6144,"2":1010,"3":2001,"4":5128,"5":996,"6":1130,"7":1001,"8":2002,"9":1001},"fnMap":{"1":{"name":"(anonymous_1)","line":16,"loc":{"start":{"line":16,"column":11},"end":{"line":16,"column":26}}},"2":{"name":"(anonymous_2)","line":25,"loc":{"start":{"line":25,"column":17},"end":{"line":25,"column":32}}},"3":{"name":"(anonymous_3)","line":34,"loc":{"start":{"line":34,"column":10},"end":{"line":34,"column":23}}},"4":{"name":"(anonymous_4)","line":43,"loc":{"start":{"line":43,"column":10},"end":{"line":43,"column":25}}},"5":{"name":"(anonymous_5)","line":53,"loc":{"start":{"line":53,"column":12},"end":{"line":53,"column":27}}},"6":{"name":"(anonymous_6)","line":62,"loc":{"start":{"line":62,"column":22},"end":{"line":62,"column":26}}},"7":{"name":"(anonymous_7)","line":71,"loc":{"start":{"line":71,"column":17},"end":{"line":71,"column":32}}},"8":{"name":"(anonymous_8)","line":81,"loc":{"start":{"line":81,"column":16},"end":{"line":81,"column":31}}},"9":{"name":"(anonymous_9)","line":90,"loc":{"start":{"line":90,"column":15},"end":{"line":90,"column":30}}}},"statementMap":{"1":{"start":{"line":3,"column":0},"end":{"line":3,"column":34}},"2":{"start":{"line":9,"column":0},"end":{"line":94,"column":2}},"3":{"start":{"line":17,"column":2},"end":{"line":17,"column":66}},"4":{"start":{"line":26,"column":2},"end":{"line":26,"column":87}},"5":{"start":{"line":35,"column":2},"end":{"line":35,"column":43}},"6":{"start":{"line":44,"column":2},"end":{"line":44,"column":45}},"7":{"start":{"line":54,"column":2},"end":{"line":54,"column":53}},"8":{"start":{"line":63,"column":2},"end":{"line":63,"column":70}},"9":{"start":{"line":72,"column":2},"end":{"line":72,"column":86}},"10":{"start":{"line":82,"column":2},"end":{"line":82,"column":54}},"11":{"start":{"line":91,"column":2},"end":{"line":91,"column":82}}},"branchMap":{}}}