TN:
SF:/Users/sebastiansandqvist/Documents/Sites & Projects/apps/~modules/co-fee-calculator/index.js
FN:7,(anonymous_1)
FN:16,decimalAdjust
FN:37,(anonymous_3)
FN:43,(anonymous_4)
FN:61,(anonymous_5)
FN:70,(anonymous_6)
FN:79,(anonymous_7)
FN:88,(anonymous_8)
FN:97,(anonymous_9)
FN:106,(anonymous_10)
FN:116,(anonymous_11)
FN:125,(anonymous_12)
FNF:12
FNH:11
FNDA:1,(anonymous_1)
FNDA:11027,decimalAdjust
FNDA:6013,(anonymous_3)
FNDA:5014,(anonymous_4)
FNDA:5014,(anonymous_5)
FNDA:1010,(anonymous_6)
FNDA:2001,(anonymous_7)
FNDA:3002,(anonymous_8)
FNDA:0,(anonymous_9)
FNDA:1001,(anonymous_10)
FNDA:2002,(anonymous_11)
FNDA:1001,(anonymous_12)
DA:7,1
DA:16,1
DA:18,11027
DA:19,6013
DA:21,5014
DA:22,5014
DA:24,5014
DA:25,0
DA:28,5014
DA:29,5014
DA:31,5014
DA:32,5014
DA:36,1
DA:37,1
DA:38,6013
DA:42,1
DA:43,1
DA:44,5014
DA:54,1
DA:62,5014
DA:71,1010
DA:80,2001
DA:89,3002
DA:98,0
DA:107,1001
DA:117,2002
DA:126,1001
LF:27
LH:25
BRDA:18,1,0,6013
BRDA:18,1,1,5014
BRDA:18,2,0,11027
BRDA:18,2,1,5014
BRDA:24,3,0,0
BRDA:24,3,1,5014
BRDA:24,4,0,5014
BRDA:24,4,1,5014
BRDA:24,5,0,5014
BRDA:24,5,1,5014
BRDA:29,6,0,0
BRDA:29,6,1,5014
BRDA:32,7,0,0
BRDA:32,7,1,5014
BRDA:36,8,0,1
BRDA:36,8,1,0
BRDA:42,9,0,1
BRDA:42,9,1,0
BRF:18
BRH:13
end_of_record
