TN:
SF:/Users/sebastiansandqvist/Documents/Sites & Projects/apps/~modules/co-fee-calculator/index.js
FN:16,(anonymous_1)
FN:25,(anonymous_2)
FN:34,(anonymous_3)
FN:43,(anonymous_4)
FN:53,(anonymous_5)
FN:62,(anonymous_6)
FN:71,(anonymous_7)
FN:81,(anonymous_8)
FN:90,(anonymous_9)
FNF:9
FNH:9
FNDA:6144,(anonymous_1)
FNDA:1010,(anonymous_2)
FNDA:2001,(anonymous_3)
FNDA:5128,(anonymous_4)
FNDA:996,(anonymous_5)
FNDA:1130,(anonymous_6)
FNDA:1001,(anonymous_7)
FNDA:2002,(anonymous_8)
FNDA:1001,(anonymous_9)
DA:3,1
DA:9,1
DA:17,6144
DA:26,1010
DA:35,2001
DA:44,5128
DA:54,996
DA:63,1130
DA:72,1001
DA:82,2002
DA:91,1001
LF:11
LH:11
BRF:0
BRH:0
end_of_record
